<?xml version="1.0" encoding="UTF-8"?>
<!-- Generated by org.testng.reporters.JUnitXMLReporter -->
<testsuite ignored="2" hostname="LAPTOP-8391LUA7" failures="0" tests="0" time="0.037" errors="0" timestamp="08 Sep 2022 20:10:50 GMT">
  <testcase classname="SeleniumAutomation.ErrorValidationTest" name="productErrorValidation" time="0.0">
    <ignored/>
  </testcase> <!-- productErrorValidation -->
  <testcase classname="SeleniumAutomation.ErrorValidationTest" name="loginErrorValidation" time="0.0">
    <ignored/>
  </testcase> <!-- loginErrorValidation -->
</testsuite>
