<?xml version="1.0" encoding="UTF-8"?>
<testng-results ignored="0" total="1" passed="1" failed="0" skipped="0">
  <reporter-output>
  </reporter-output>
  <suite started-at="2022-09-11T19:39:33Z" name="Default suite" finished-at="2022-09-11T19:39:44Z" duration-ms="10411">
    <groups>
      <group name="cucumber">
        <method signature="AbstractTestNGCucumberTests.runScenario(io.cucumber.testng.PickleWrapper, io.cucumber.testng.FeatureWrapper)[pri:0, instance:Cucumber.TestNGTestRunner@6ccdb29f]" name="runScenario" class="io.cucumber.testng.AbstractTestNGCucumberTests"/>
      </group> <!-- cucumber -->
    </groups>
    <test started-at="2022-09-11T19:39:33Z" name="Default test" finished-at="2022-09-11T19:39:44Z" duration-ms="10411">
      <class name="Cucumber.TestNGTestRunner">
        <test-method is-config="true" signature="setUpClass(org.testng.ITestContext)[pri:0, instance:Cucumber.TestNGTestRunner@6ccdb29f]" started-at="2022-09-11T19:39:33Z" name="setUpClass" finished-at="2022-09-11T19:39:34Z" duration-ms="672" status="PASS">
          <params>
            <param index="0">
              <value>
                <![CDATA[org.testng.TestRunner@7ecda95b]]>
              </value>
            </param>
          </params>
          <reporter-output>
          </reporter-output>
        </test-method> <!-- setUpClass -->
        <test-method signature="runScenario(io.cucumber.testng.PickleWrapper, io.cucumber.testng.FeatureWrapper)[pri:0, instance:Cucumber.TestNGTestRunner@6ccdb29f]" started-at="2022-09-11T19:39:34Z" name="runScenario" description="Runs Cucumber Scenarios" data-provider="scenarios" finished-at="2022-09-11T19:39:44Z" duration-ms="9667" status="PASS">
          <params>
            <param index="0">
              <value>
                <![CDATA["Validating errors in Ecommerce website"]]>
              </value>
            </param>
            <param index="1">
              <value>
                <![CDATA["Error validation"]]>
              </value>
            </param>
          </params>
          <reporter-output>
          </reporter-output>
        </test-method> <!-- runScenario -->
        <test-method is-config="true" signature="tearDownClass()[pri:0, instance:Cucumber.TestNGTestRunner@6ccdb29f]" started-at="2022-09-11T19:39:44Z" name="tearDownClass" finished-at="2022-09-11T19:39:44Z" duration-ms="48" status="PASS">
          <reporter-output>
          </reporter-output>
        </test-method> <!-- tearDownClass -->
      </class> <!-- Cucumber.TestNGTestRunner -->
    </test> <!-- Default test -->
  </suite> <!-- Default suite -->
</testng-results>
